<?xml version="1.0" encoding="UTF-8"?>
<testng-results ignored="0" total="3" passed="3" failed="0" skipped="0">
  <reporter-output>
  </reporter-output>
  <suite started-at="2025-07-23T09:37:19 ICT" name="Swaglabs eCommerce Suite" finished-at="2025-07-23T09:37:42 ICT" duration-ms="22966">
    <groups>
    </groups>
    <test started-at="2025-07-23T09:37:19 ICT" name="Inventory Test" finished-at="2025-07-23T09:37:42 ICT" duration-ms="22966">
      <class name="com.juaracoding.ecom.InventoryTest">
        <test-method signature="addToCartTest()[pri:0, instance:com.juaracoding.ecom.InventoryTest@245b4bdc]" started-at="2025-07-23T09:37:19 ICT" name="addToCartTest" finished-at="2025-07-23T09:37:30 ICT" duration-ms="10460" status="PASS">
          <reporter-output>
          </reporter-output>
        </test-method> <!-- addToCartTest -->
        <test-method signature="productDisplayTest()[pri:0, instance:com.juaracoding.ecom.InventoryTest@245b4bdc]" started-at="2025-07-23T09:37:30 ICT" name="productDisplayTest" finished-at="2025-07-23T09:37:36 ICT" duration-ms="6136" status="PASS">
          <reporter-output>
          </reporter-output>
        </test-method> <!-- productDisplayTest -->
        <test-method signature="productSortFeatureTest()[pri:0, instance:com.juaracoding.ecom.InventoryTest@245b4bdc]" started-at="2025-07-23T09:37:36 ICT" name="productSortFeatureTest" finished-at="2025-07-23T09:37:42 ICT" duration-ms="6336" status="PASS">
          <reporter-output>
          </reporter-output>
        </test-method> <!-- productSortFeatureTest -->
      </class> <!-- com.juaracoding.ecom.InventoryTest -->
    </test> <!-- Inventory Test -->
  </suite> <!-- Swaglabs eCommerce Suite -->
</testng-results>
