<?xml version="1.0" encoding="UTF-8"?>
<!-- Generated by org.testng.reporters.JUnitXMLReporter -->
<testsuite ignored="0" hostname="LAPTOP-0AE5AE9K" failures="0" tests="6" name="Authentication Test" time="66.135" errors="0" timestamp="2025-07-22T19:31:02 ICT">
  <testcase classname="com.juaracoding.ecom.AuthenticationTest" name="loginTest" time="13.199"/>
  <testcase classname="com.juaracoding.ecom.AuthenticationTest" name="loginTest" time="9.697"/>
  <testcase classname="com.juaracoding.ecom.AuthenticationTest" name="loginTest" time="8.016"/>
  <testcase classname="com.juaracoding.ecom.AuthenticationTest" name="loginTest" time="12.547"/>
  <testcase classname="com.juaracoding.ecom.AuthenticationTest" name="loginTest" time="10.057"/>
  <testcase classname="com.juaracoding.ecom.AuthenticationTest" name="loginTest" time="11.339"/>
</testsuite> <!-- Authentication Test -->
