<?xml version="1.0" encoding="UTF-8"?>
<!-- Generated by org.testng.reporters.JUnitXMLReporter -->
<testsuite ignored="0" hostname="LAPTOP-0AE5AE9K" failures="0" tests="6" name="Authentication Test" time="55.761" errors="0" timestamp="2025-07-20T20:33:59 ICT">
  <testcase classname="com.juaracoding.ecom.AuthenticationTest" name="loginTest" time="10.672"/>
  <testcase classname="com.juaracoding.ecom.AuthenticationTest" name="loginTest" time="8.907"/>
  <testcase classname="com.juaracoding.ecom.AuthenticationTest" name="loginWithInvalidPassword" time="8.928"/>
  <testcase classname="com.juaracoding.ecom.AuthenticationTest" name="loginWithInvalidUsername" time="8.764"/>
  <testcase classname="com.juaracoding.ecom.AuthenticationTest" name="loginWithoutPassword" time="8.913"/>
  <testcase classname="com.juaracoding.ecom.AuthenticationTest" name="loginWithoutUsername" time="8.744"/>
</testsuite> <!-- Authentication Test -->
