<?xml version="1.0" encoding="UTF-8"?>
<!-- Generated by org.testng.reporters.JUnitXMLReporter -->
<testsuite ignored="0" hostname="LAPTOP-0AE5AE9K" failures="0" tests="2" name="Drag Drop and Resizing Test" time="21.543" errors="0" timestamp="2025-07-22T19:31:23 ICT">
  <testcase classname="com.juaracoding.ecom.DragDropTest" name="dragElementTest" time="10.641"/>
  <testcase classname="com.juaracoding.ecom.DragDropTest" name="resizeElementTest" time="10.9"/>
</testsuite> <!-- Drag Drop and Resizing Test -->
