<?xml version="1.0" encoding="UTF-8"?>
<!-- Generated by org.testng.reporters.JUnitXMLReporter -->
<testsuite ignored="0" hostname="LAPTOP-0AE5AE9K" failures="0" tests="3" name="Inventory Test" time="22.966" errors="0" timestamp="2025-07-23T09:37:42 ICT">
  <testcase classname="com.juaracoding.ecom.InventoryTest" name="addToCartTest" time="10.46"/>
  <testcase classname="com.juaracoding.ecom.InventoryTest" name="productDisplayTest" time="6.136"/>
  <testcase classname="com.juaracoding.ecom.InventoryTest" name="productSortFeatureTest" time="6.336"/>
</testsuite> <!-- Inventory Test -->
